"File: Main.c        Assembler  Version HGASM0202      Page 1


   1  0000              ; Generated by holtek-gcc v3.19, Sat Aug 08 19:10:18 2020
   2  0000              ; 
   3  0000              ; Configuration:
   4  0000              ;       without long instruction
   5  0000              ;       Single ROM, Multi-RAM
   6  0000              ;       bits_per_rom_unit:16
   7  0000              ;       with mp1
   8  0000              ;       with tbhp, address(0x9)
   9  0000              ;          Use tabrd-const
  10  0000              ;       
  11  0000              ;       
  12  0000              ;       
  13  0000              ; use 'tabrdc' instead of 'tabrd'
  14  0000              ;       
  15  0000              
  16  0000              #pragma translator "holtek-gcc 4.6.4" "3.19" "build 20130711"
  17  0000              ; Rebuild 718
  18  0000              
  19  0000              ir equ [2]
  20  0000              mp equ [3]
  21  0000              sbp equ [1]
  22  0000              acc equ [5]
  23  0000              bp equ [4]
  24  0000              tblp equ [7]
  25  0000              tbhp equ [9]
  26  0000              status equ [10]
  27  0000              c equ [10].0
  28  0000              ac equ [10].1
  29  0000              z equ [10].2
  30  0000              ov equ [10].3
  31  0000              intc equ [11]
  32  0000              
  33  0000              extern ra:byte
  34  0000              extern rb:byte
  35  0000              extern rc:byte
  36  0000              extern rd:byte
  37  0000              extern re:byte
  38  0000              extern rf:byte
  39  0000              extern rg:byte
  40  0000              extern rh:byte
  41  0000              extern _Crom2Prom:near
  42  0000              extern _Crom2PromNext:near
  43  0000              
  44  0000              RAMBANK 0 @HCCINIT, @HCCINIT0
  45  0000              
  46  0000              RAMBANK 0 @BITDATASEC, @BITDATASEC1
  47  0000              @HCCINIT	.section 'data'
  48  0000              @HCCINIT0	.section 'data'
  49  0000              @BITDATASEC	 .section 'data'
  50  0000              @BITDATASEC1	 .section 'data'
  51  0000              
  52  0000              #pragma debug scope 1 1
  53  0000              	extern __DELAY3:near
  54  0000              	extern __DELAYX3:near
  55  0000              	extern __DELAYX6:near
  56  0000              	extern __DELAYY5:near
  57  0000              	extern __DELAYY3:near
  58  0000              	extern _builtin_holtek_delay_2:byte
  59  0000              ___status equ [10]
"File: Main.ASM      Assembler  Version HGASM0202      Page 2

  60  0000              public _main
  61  0000              #pragma debug scope 2 1

  20  0000              #line 20 "C:\ChipsGarden\醇法\MK8000\MK8000-Power PCB\UARTwith8bitsMCU\UARTwith8bitsMCU\Main.c"
  20  0000              IFDEF WITH_DEFAULT_STARTUP
  20  0000              extern _main_initial0:near
  20  0000              extern _main_startup:near
  20  0000              ENDIF
  20  0000              
  20  0000              ROMBANK 0 @start
  20  0000              @start .section com_l 'code'
  20  0000              _main_startup1:
  20  0000              @start .section com_e 'code'
  20  0000  2800     R  	jmp _main
  20  0001              
  20  0000              _main .section 'code'
  20  0000              _main proc
  21  0000              #line 21 "C:\ChipsGarden\醇法\MK8000\MK8000-Power PCB\UARTwith8bitsMCU\UARTwith8bitsMCU\Main.c"
  21  0000  3A8A        	snz [10].5
  21  0001  2800     R  	jmp _L2
  21  0002              #line 21 "C:\ChipsGarden\醇法\MK8000\MK8000-Power PCB\UARTwith8bitsMCU\UARTwith8bitsMCU\Main.c"
  21  0002  3E0A        	sz [10].4
  21  0003  2800     R  	jmp _L3
  21  0004              _L2:
  23  0004              #line 23 "C:\ChipsGarden\醇法\MK8000\MK8000-Power PCB\UARTwith8bitsMCU\UARTwith8bitsMCU\Main.c"
  23  0004  2000     E  	call _PowerOn_Init
  23  0005              _L3:
  28  0005              #line 28 "C:\ChipsGarden\醇法\MK8000\MK8000-Power PCB\UARTwith8bitsMCU\UARTwith8bitsMCU\Main.c"
  28  0005  2000     E  	call _WDT_ResetInit
  28  0006              _L4:
  35  0006              #line 35 "C:\ChipsGarden\醇法\MK8000\MK8000-Power PCB\UARTwith8bitsMCU\UARTwith8bitsMCU\Main.c"
  35  0006              ;# 35 "C:\ChipsGarden\醇法\MK8000\MK8000-Power PCB\UARTwith8bitsMCU\UARTwith8bitsMCU\Main.c" 1
  35  0006  0001        	clr wdt
  36  0007              #line 36 "C:\ChipsGarden\醇法\MK8000\MK8000-Power PCB\UARTwith8bitsMCU\UARTwith8bitsMCU\Main.c"
  36  0007  2000     E  	call _Uart_RXD_Manage
  37  0008              #line 37 "C:\ChipsGarden\醇法\MK8000\MK8000-Power PCB\UARTwith8bitsMCU\UARTwith8bitsMCU\Main.c"
  37  0008  3800     E  	snz _system_flag[0].2
  37  0009  2800     R  	jmp _L6
  39  000A              #line 39 "C:\ChipsGarden\醇法\MK8000\MK8000-Power PCB\UARTwith8bitsMCU\UARTwith8bitsMCU\Main.c"
  39  000A  2000     E  	call _ReadyToHalt
  39  000B  2800     R  	jmp _L4
  39  000C              _L6:
  43  000C              #line 43 "C:\ChipsGarden\醇法\MK8000\MK8000-Power PCB\UARTwith8bitsMCU\UARTwith8bitsMCU\Main.c"
  43  000C  2000     E  	call _Task_500ms
  44  000D              #line 44 "C:\ChipsGarden\醇法\MK8000\MK8000-Power PCB\UARTwith8bitsMCU\UARTwith8bitsMCU\Main.c"
  44  000D  2000     E  	call _Key_Scan
  44  000E  2800     R  	jmp _L4
  44  000F  2800     R  	jmp $
  44  0010              _main endp
  44  0010              
  44  0010              @dummy endp
  44  0010              
  44  0010              #line 44 "C:\ChipsGarden\醇法\MK8000\MK8000-Power PCB\UARTwith8bitsMCU\UARTwith8bitsMCU\Main.c"
  44  0010              #pragma debug scope 1 1
  44  0010              #pragma debug struct_end
  44  0010              #pragma debug struct_end
  44  0010              #pragma debug union_end
  44  0010              #pragma debug union_end
  44  0010              #pragma debug variable 43 1 ___status "__status" 1
  44  0010              
"File: Main.c        Assembler  Version HGASM0202      Page 3

  44  0010              ; output external variables
  44  0010              extern _system_flag:byte
  20  0010              #line 20 "C:\ChipsGarden\醇法\MK8000\MK8000-Power PCB\UARTwith8bitsMCU\UARTwith8bitsMCU\Main.c"
  20  0000              @code .section at 0 'code'
  20  0000  2800     R  	jmp _main_startup1
  20  0001              
  20  0001              extern _PowerOn_Init:near
  20  0001              extern _WDT_ResetInit:near
  20  0001              extern _Uart_RXD_Manage:near
  20  0001              extern _ReadyToHalt:near
  20  0001              extern _Task_500ms:near
  20  0001              extern _Key_Scan:near
  20  0001              
  20  0001              ; 
  20  0001              ; Generated by holtek-gcc v3.19, Sat Aug 08 19:10:19 2020
  20  0001              ; Rebuild 718
  20  0001              ; end of file


        0 Errors, 0